<?xml version="1.0" encoding="UTF-8"?>
<coverage generated="1596810464079" clover="3.2.0">
  <project timestamp="1596810464079" name="All files">
    <metrics statements="31" coveredstatements="31" conditionals="35" coveredconditionals="34" methods="3" coveredmethods="3" elements="69" coveredelements="68" complexity="0" loc="31" ncloc="31" packages="1" files="1" classes="1"/>
    <file name="rose.js" path="/Users/quii/dev/ruby/gilded-rose/rose.js">
      <metrics statements="31" coveredstatements="31" conditionals="35" coveredconditionals="34" methods="3" coveredmethods="3"/>
      <line num="3" count="18" type="stmt"/>
      <line num="4" count="18" type="stmt"/>
      <line num="5" count="18" type="stmt"/>
      <line num="11" count="18" type="stmt"/>
      <line num="14" count="18" type="stmt"/>
      <line num="15" count="18" type="cond" truecount="4" falsecount="0"/>
      <line num="16" count="8" type="cond" truecount="2" falsecount="0"/>
      <line num="17" count="6" type="cond" truecount="2" falsecount="0"/>
      <line num="18" count="4" type="stmt"/>
      <line num="22" count="10" type="cond" truecount="2" falsecount="0"/>
      <line num="23" count="7" type="stmt"/>
      <line num="24" count="7" type="cond" truecount="2" falsecount="0"/>
      <line num="25" count="5" type="cond" truecount="2" falsecount="0"/>
      <line num="26" count="4" type="cond" truecount="2" falsecount="0"/>
      <line num="27" count="3" type="stmt"/>
      <line num="30" count="5" type="cond" truecount="2" falsecount="0"/>
      <line num="31" count="3" type="cond" truecount="2" falsecount="0"/>
      <line num="32" count="2" type="stmt"/>
      <line num="38" count="18" type="cond" truecount="2" falsecount="0"/>
      <line num="39" count="16" type="stmt"/>
      <line num="41" count="18" type="cond" truecount="2" falsecount="0"/>
      <line num="42" count="8" type="cond" truecount="2" falsecount="0"/>
      <line num="43" count="6" type="cond" truecount="2" falsecount="0"/>
      <line num="44" count="5" type="cond" truecount="2" falsecount="0"/>
      <line num="45" count="3" type="cond" truecount="2" falsecount="0"/>
      <line num="46" count="2" type="stmt"/>
      <line num="50" count="1" type="stmt"/>
      <line num="53" count="2" type="cond" truecount="2" falsecount="0"/>
      <line num="54" count="1" type="stmt"/>
      <line num="60" count="18" type="stmt"/>
      <line num="64" count="1" type="stmt"/>
    </file>
  </project>
</coverage>
