{"/Users/quii/dev/ruby/gilded-rose/rose.js": {"path":"/Users/quii/dev/ruby/gilded-rose/rose.js","statementMap":{"0":{"start":{"line":3,"column":8},"end":{"line":3,"column":25}},"1":{"start":{"line":4,"column":8},"end":{"line":4,"column":29}},"2":{"start":{"line":5,"column":8},"end":{"line":5,"column":31}},"3":{"start":{"line":11,"column":8},"end":{"line":11,"column":27}},"4":{"start":{"line":14,"column":8},"end":{"line":58,"column":9}},"5":{"start":{"line":14,"column":21},"end":{"line":14,"column":22}},"6":{"start":{"line":15,"column":12},"end":{"line":37,"column":13}},"7":{"start":{"line":16,"column":16},"end":{"line":20,"column":17}},"8":{"start":{"line":17,"column":20},"end":{"line":19,"column":21}},"9":{"start":{"line":18,"column":24},"end":{"line":18,"column":74}},"10":{"start":{"line":22,"column":16},"end":{"line":36,"column":17}},"11":{"start":{"line":23,"column":20},"end":{"line":23,"column":70}},"12":{"start":{"line":24,"column":20},"end":{"line":35,"column":21}},"13":{"start":{"line":25,"column":24},"end":{"line":29,"column":25}},"14":{"start":{"line":26,"column":28},"end":{"line":28,"column":29}},"15":{"start":{"line":27,"column":32},"end":{"line":27,"column":82}},"16":{"start":{"line":30,"column":24},"end":{"line":34,"column":25}},"17":{"start":{"line":31,"column":28},"end":{"line":33,"column":29}},"18":{"start":{"line":32,"column":32},"end":{"line":32,"column":82}},"19":{"start":{"line":38,"column":12},"end":{"line":40,"column":13}},"20":{"start":{"line":39,"column":16},"end":{"line":39,"column":64}},"21":{"start":{"line":41,"column":12},"end":{"line":57,"column":13}},"22":{"start":{"line":42,"column":16},"end":{"line":56,"column":17}},"23":{"start":{"line":43,"column":20},"end":{"line":51,"column":21}},"24":{"start":{"line":44,"column":24},"end":{"line":48,"column":25}},"25":{"start":{"line":45,"column":28},"end":{"line":47,"column":29}},"26":{"start":{"line":46,"column":32},"end":{"line":46,"column":82}},"27":{"start":{"line":50,"column":24},"end":{"line":50,"column":94}},"28":{"start":{"line":53,"column":20},"end":{"line":55,"column":21}},"29":{"start":{"line":54,"column":24},"end":{"line":54,"column":74}},"30":{"start":{"line":60,"column":8},"end":{"line":60,"column":26}},"31":{"start":{"line":64,"column":0},"end":{"line":67,"column":1}}},"fnMap":{"0":{"name":"(anonymous_0)","decl":{"start":{"line":2,"column":4},"end":{"line":2,"column":5}},"loc":{"start":{"line":2,"column":38},"end":{"line":6,"column":5}},"line":2},"1":{"name":"(anonymous_1)","decl":{"start":{"line":10,"column":4},"end":{"line":10,"column":5}},"loc":{"start":{"line":10,"column":25},"end":{"line":12,"column":5}},"line":10},"2":{"name":"(anonymous_2)","decl":{"start":{"line":13,"column":4},"end":{"line":13,"column":5}},"loc":{"start":{"line":13,"column":20},"end":{"line":61,"column":5}},"line":13}},"branchMap":{"0":{"loc":{"start":{"line":10,"column":16},"end":{"line":10,"column":24}},"type":"default-arg","locations":[{"start":{"line":10,"column":22},"end":{"line":10,"column":24}}],"line":10},"1":{"loc":{"start":{"line":15,"column":12},"end":{"line":37,"column":13}},"type":"if","locations":[{"start":{"line":15,"column":12},"end":{"line":37,"column":13}},{"start":{"line":15,"column":12},"end":{"line":37,"column":13}}],"line":15},"2":{"loc":{"start":{"line":15,"column":16},"end":{"line":15,"column":118}},"type":"binary-expr","locations":[{"start":{"line":15,"column":16},"end":{"line":15,"column":49}},{"start":{"line":15,"column":53},"end":{"line":15,"column":118}}],"line":15},"3":{"loc":{"start":{"line":16,"column":16},"end":{"line":20,"column":17}},"type":"if","locations":[{"start":{"line":16,"column":16},"end":{"line":20,"column":17}},{"start":{"line":16,"column":16},"end":{"line":20,"column":17}}],"line":16},"4":{"loc":{"start":{"line":17,"column":20},"end":{"line":19,"column":21}},"type":"if","locations":[{"start":{"line":17,"column":20},"end":{"line":19,"column":21}},{"start":{"line":17,"column":20},"end":{"line":19,"column":21}}],"line":17},"5":{"loc":{"start":{"line":22,"column":16},"end":{"line":36,"column":17}},"type":"if","locations":[{"start":{"line":22,"column":16},"end":{"line":36,"column":17}},{"start":{"line":22,"column":16},"end":{"line":36,"column":17}}],"line":22},"6":{"loc":{"start":{"line":24,"column":20},"end":{"line":35,"column":21}},"type":"if","locations":[{"start":{"line":24,"column":20},"end":{"line":35,"column":21}},{"start":{"line":24,"column":20},"end":{"line":35,"column":21}}],"line":24},"7":{"loc":{"start":{"line":25,"column":24},"end":{"line":29,"column":25}},"type":"if","locations":[{"start":{"line":25,"column":24},"end":{"line":29,"column":25}},{"start":{"line":25,"column":24},"end":{"line":29,"column":25}}],"line":25},"8":{"loc":{"start":{"line":26,"column":28},"end":{"line":28,"column":29}},"type":"if","locations":[{"start":{"line":26,"column":28},"end":{"line":28,"column":29}},{"start":{"line":26,"column":28},"end":{"line":28,"column":29}}],"line":26},"9":{"loc":{"start":{"line":30,"column":24},"end":{"line":34,"column":25}},"type":"if","locations":[{"start":{"line":30,"column":24},"end":{"line":34,"column":25}},{"start":{"line":30,"column":24},"end":{"line":34,"column":25}}],"line":30},"10":{"loc":{"start":{"line":31,"column":28},"end":{"line":33,"column":29}},"type":"if","locations":[{"start":{"line":31,"column":28},"end":{"line":33,"column":29}},{"start":{"line":31,"column":28},"end":{"line":33,"column":29}}],"line":31},"11":{"loc":{"start":{"line":38,"column":12},"end":{"line":40,"column":13}},"type":"if","locations":[{"start":{"line":38,"column":12},"end":{"line":40,"column":13}},{"start":{"line":38,"column":12},"end":{"line":40,"column":13}}],"line":38},"12":{"loc":{"start":{"line":41,"column":12},"end":{"line":57,"column":13}},"type":"if","locations":[{"start":{"line":41,"column":12},"end":{"line":57,"column":13}},{"start":{"line":41,"column":12},"end":{"line":57,"column":13}}],"line":41},"13":{"loc":{"start":{"line":42,"column":16},"end":{"line":56,"column":17}},"type":"if","locations":[{"start":{"line":42,"column":16},"end":{"line":56,"column":17}},{"start":{"line":42,"column":16},"end":{"line":56,"column":17}}],"line":42},"14":{"loc":{"start":{"line":43,"column":20},"end":{"line":51,"column":21}},"type":"if","locations":[{"start":{"line":43,"column":20},"end":{"line":51,"column":21}},{"start":{"line":43,"column":20},"end":{"line":51,"column":21}}],"line":43},"15":{"loc":{"start":{"line":44,"column":24},"end":{"line":48,"column":25}},"type":"if","locations":[{"start":{"line":44,"column":24},"end":{"line":48,"column":25}},{"start":{"line":44,"column":24},"end":{"line":48,"column":25}}],"line":44},"16":{"loc":{"start":{"line":45,"column":28},"end":{"line":47,"column":29}},"type":"if","locations":[{"start":{"line":45,"column":28},"end":{"line":47,"column":29}},{"start":{"line":45,"column":28},"end":{"line":47,"column":29}}],"line":45},"17":{"loc":{"start":{"line":53,"column":20},"end":{"line":55,"column":21}},"type":"if","locations":[{"start":{"line":53,"column":20},"end":{"line":55,"column":21}},{"start":{"line":53,"column":20},"end":{"line":55,"column":21}}],"line":53}},"s":{"0":18,"1":18,"2":18,"3":18,"4":18,"5":18,"6":18,"7":8,"8":6,"9":4,"10":10,"11":7,"12":7,"13":5,"14":4,"15":3,"16":5,"17":3,"18":2,"19":18,"20":16,"21":18,"22":8,"23":6,"24":5,"25":3,"26":2,"27":1,"28":2,"29":1,"30":18,"31":1},"f":{"0":18,"1":18,"2":18},"b":{"0":[0],"1":[8,10],"2":[18,14],"3":[6,2],"4":[4,2],"5":[7,3],"6":[5,2],"7":[4,1],"8":[3,1],"9":[3,2],"10":[2,1],"11":[16,2],"12":[8,10],"13":[6,2],"14":[5,1],"15":[3,2],"16":[2,1],"17":[1,1]},"_coverageSchema":"1a1c01bbd47fc00a2c39e90264f33305004495a9","hash":"4970e58238ba2b9a7ad34b8132bfda59ed4a2666"}
}
