TN:
SF:rose.js
FN:2,(anonymous_0)
FN:10,(anonymous_1)
FN:13,(anonymous_2)
FNF:3
FNH:3
FNDA:18,(anonymous_0)
FNDA:18,(anonymous_1)
FNDA:18,(anonymous_2)
DA:3,18
DA:4,18
DA:5,18
DA:11,18
DA:14,18
DA:15,18
DA:16,8
DA:17,6
DA:18,4
DA:22,10
DA:23,7
DA:24,7
DA:25,5
DA:26,4
DA:27,3
DA:30,5
DA:31,3
DA:32,2
DA:38,18
DA:39,16
DA:41,18
DA:42,8
DA:43,6
DA:44,5
DA:45,3
DA:46,2
DA:50,1
DA:53,2
DA:54,1
DA:60,18
DA:64,1
LF:31
LH:31
BRDA:10,0,0,0
BRDA:15,1,0,8
BRDA:15,1,1,10
BRDA:15,2,0,18
BRDA:15,2,1,14
BRDA:16,3,0,6
BRDA:16,3,1,2
BRDA:17,4,0,4
BRDA:17,4,1,2
BRDA:22,5,0,7
BRDA:22,5,1,3
BRDA:24,6,0,5
BRDA:24,6,1,2
BRDA:25,7,0,4
BRDA:25,7,1,1
BRDA:26,8,0,3
BRDA:26,8,1,1
BRDA:30,9,0,3
BRDA:30,9,1,2
BRDA:31,10,0,2
BRDA:31,10,1,1
BRDA:38,11,0,16
BRDA:38,11,1,2
BRDA:41,12,0,8
BRDA:41,12,1,10
BRDA:42,13,0,6
BRDA:42,13,1,2
BRDA:43,14,0,5
BRDA:43,14,1,1
BRDA:44,15,0,3
BRDA:44,15,1,2
BRDA:45,16,0,2
BRDA:45,16,1,1
BRDA:53,17,0,1
BRDA:53,17,1,1
BRF:35
BRH:34
end_of_record
